<?xml version="1.0" encoding="UTF-8"?>
<robot generated="20180427 14:28:06.943" generator="Robot 3.0.4 (Python 2.7.13 on win32)">
<suite source="C:\robot\rdbot\tests\rd_password.robot" id="s1" name="Rd Password">
<test id="s1-t1" name="E044">
<kw name="Open" library="FirstPage">
<kw name="Open Browser" library="SeleniumLibrary">
<doc>Opens a new browser instance to the given ``url``.</doc>
<arguments>
<arg>${URL}</arg>
<arg>browser=${bs}</arg>
</arguments>
<msg timestamp="20180427 14:28:07.083" level="INFO">Opening browser 'edge' to base url 'https://epit.rd.go.th/EFILING/RegController?PRGID=R008T'.</msg>
<kw name="Capture Page Screenshot" library="SeleniumLibrary">
<doc>Takes screenshot of the current page and embeds it into log file.</doc>
<msg timestamp="20180427 14:28:07.092" level="INFO">Cannot capture screenshot because no browser is open.</msg>
<status status="PASS" endtime="20180427 14:28:07.092" starttime="20180427 14:28:07.092"></status>
</kw>
<msg timestamp="20180427 14:28:07.096" level="FAIL">WebDriverException: Message: 'MicrosoftWebDriver.exe' executable needs to be in PATH. Please download from http://go.microsoft.com/fwlink/?LinkId=619687
</msg>
<status status="FAIL" endtime="20180427 14:28:07.096" starttime="20180427 14:28:07.067"></status>
</kw>
<status status="FAIL" endtime="20180427 14:28:07.096" starttime="20180427 14:28:07.067"></status>
</kw>
<status status="FAIL" endtime="20180427 14:28:07.097" critical="yes" starttime="20180427 14:28:07.067">WebDriverException: Message: 'MicrosoftWebDriver.exe' executable needs to be in PATH. Please download from http://go.microsoft.com/fwlink/?LinkId=619687
</status>
</test>
<status status="FAIL" endtime="20180427 14:28:07.100" starttime="20180427 14:28:06.959"></status>
</suite>
<statistics>
<total>
<stat fail="1" pass="0">Critical Tests</stat>
<stat fail="1" pass="0">All Tests</stat>
</total>
<tag>
</tag>
<suite>
<stat fail="1" id="s1" name="Rd Password" pass="0">Rd Password</stat>
</suite>
</statistics>
<errors>
</errors>
</robot>
